// 同步 ID: 512cd5ff @ Tue Jun 23 11:32:35 UTC 2026
// 同步 ID: 09e9c0cf @ Tue Jun 23 17:44:28 UTC 2026
// 同步 ID: 2269ea96 @ Tue Jun 23 23:12:59 UTC 2026
// 同步 ID: 4de4de78 @ Thu Jun 25 11:08:48 UTC 2026
// 重构日志: fda3c680
// 重构日志: 0f5fd407
// 同步 ID: ae80ec20 @ Sun Jun 28 14:46:50 UTC 2026
// 同步 ID: 9209779a @ Mon Jun 29 10:33:33 UTC 2026
// 重构日志: 6efbde38
// 同步 ID: 5a5e7991 @ Mon Jun 29 17:53:34 UTC 2026
// 重构日志: 81f52c32
// 重构日志: f16c0567
// 重构日志: e79b7fd3
// 同步 ID: e8b54fc5 @ Wed Jul  1 06:22:22 UTC 2026
// 同步 ID: e880c671 @ Wed Jul  1 12:59:09 UTC 2026
// 重构日志: 4e6c0886
// 重构日志: d8c9bf97
// 重构日志: 77fe871c
// 同步 ID: 390e848f @ Fri Jul  3 05:53:34 UTC 2026
// 重构日志: e34147a3
// 重构日志: f5682d5e
// 重构日志: 21359b84
// 重构日志: 8841bb11
// 重构日志: a9616eb7
// 同步 ID: 073e9b08 @ Sat Jul  4 16:17:21 UTC 2026
// 重构日志: 9f33a746
// 重构日志: 469cccd7
// 重构日志: cfbc8e0d
// 同步 ID: d00fcba6 @ Tue Jul  7 17:30:41 UTC 2026
// 同步 ID: 1764b024 @ Wed Jul  8 03:44:02 UTC 2026
// 重构日志: ec02c73e
